<?xml version="1.0" encoding="UTF-8"?>
<!-- Generated by org.testng.reporters.JUnitReportReporter -->
<testsuite skipped="0" hostname="DESKTOP-SCGKIHP" name="testClasses.Activity3" tests="1" failures="0" timestamp="2020-01-30T13:31:19 IST" time="0.106" errors="0">
  <testcase name="firstFooter" time="0.106" classname="testClasses.Activity3"/>
</testsuite> <!-- testClasses.Activity3 -->
